app/build/intermediates/manifest_merge_blame_file/release/manifest-merger-blame-release-report.txt
1<?xml version="1.0" encoding="utf-8"?>
2<manifest xmlns:android="http://schemas.android.com/apk/res/android"
3    package="com.musta.buyandsellinlebanon"
4    android:versionCode="24"
5    android:versionName="1.0" >
6
7    <uses-sdk
8        android:minSdkVersion="19"
8-->src\main\AndroidManifest.xml
9        android:targetSdkVersion="29" />
9-->src\main\AndroidManifest.xml
10
11    <uses-permission android:name="android.permission.INTERNET" />
11-->src\main\AndroidManifest.xml:5:5-67
11-->src\main\AndroidManifest.xml:5:22-64
12    <uses-permission android:name="android.permission.WAKE_LOCK" />
12-->[androidx.work:work-runtime:2.2.0] AndroidManifest.xml:25:5-68
12-->[androidx.work:work-runtime:2.2.0] AndroidManifest.xml:25:22-65
13    <uses-permission android:name="android.permission.ACCESS_NETWORK_STATE" />
13-->[androidx.work:work-runtime:2.2.0] AndroidManifest.xml:26:5-79
13-->[androidx.work:work-runtime:2.2.0] AndroidManifest.xml:26:22-76
14    <uses-permission android:name="android.permission.RECEIVE_BOOT_COMPLETED" /> <!-- Required by older versions of Google Play services to create IID tokens -->
14-->[androidx.work:work-runtime:2.2.0] AndroidManifest.xml:27:5-81
14-->[androidx.work:work-runtime:2.2.0] AndroidManifest.xml:27:22-78
15    <uses-permission android:name="com.google.android.c2dm.permission.RECEIVE" />
15-->[com.google.firebase:firebase-iid:20.0.2] AndroidManifest.xml:26:5-82
15-->[com.google.firebase:firebase-iid:20.0.2] AndroidManifest.xml:26:22-79
16    <uses-permission android:name="com.google.android.finsky.permission.BIND_GET_INSTALL_REFERRER_SERVICE" />
16-->[com.google.android.gms:play-services-measurement:17.4.4] AndroidManifest.xml:26:5-110
16-->[com.google.android.gms:play-services-measurement:17.4.4] AndroidManifest.xml:26:22-107
17
18    <application
18-->src\main\AndroidManifest.xml:7:5-77:19
19        android:name="androidx.multidex.MultiDexApplication"
20        android:allowBackup="true"
20-->src\main\AndroidManifest.xml:8:9-35
21        android:appComponentFactory="androidx.core.app.CoreComponentFactory"
21-->[androidx.core:core:1.0.1] AndroidManifest.xml:22:18-86
22        android:icon="@mipmap/ic_launcher"
22-->src\main\AndroidManifest.xml:9:9-43
23        android:label="@string/app_name"
23-->src\main\AndroidManifest.xml:10:9-41
24        android:networkSecurityConfig="@xml/network_security_config"
24-->src\main\AndroidManifest.xml:11:9-69
25        android:roundIcon="@mipmap/ic_launcher"
25-->src\main\AndroidManifest.xml:12:9-48
26        android:supportsRtl="true"
26-->src\main\AndroidManifest.xml:13:9-35
27        android:theme="@style/AppTheme" >
27-->src\main\AndroidManifest.xml:14:9-40
28        <activity
28-->src\main\AndroidManifest.xml:15:9-17:62
29            android:name="com.musta.buyandsellinlebanon.ui.notification.NotificationActivity"
29-->src\main\AndroidManifest.xml:16:13-65
30            android:label="@string/notifications" />
30-->src\main\AndroidManifest.xml:17:13-50
31
32        <receiver
32-->src\main\AndroidManifest.xml:19:9-26:20
33            android:name="com.musta.buyandsellinlebanon.utils.MyBroadcastReceiver"
33-->src\main\AndroidManifest.xml:20:13-54
34            android:exported="true" >
34-->src\main\AndroidManifest.xml:21:13-36
35            <intent-filter>
35-->src\main\AndroidManifest.xml:22:13-25:29
36                <action android:name="MyAction" />
36-->src\main\AndroidManifest.xml:23:17-51
36-->src\main\AndroidManifest.xml:23:25-48
37                <!-- <action android:name="android.intent.action.INPUT_METHOD_CHANGED" /> -->
38            </intent-filter>
39        </receiver>
40
41        <activity android:name="com.musta.buyandsellinlebanon.ui.categories.dollar.DollarMarketActivity" />
41-->src\main\AndroidManifest.xml:28:9-79
41-->src\main\AndroidManifest.xml:28:19-76
42        <activity
42-->src\main\AndroidManifest.xml:29:9-31:53
43            android:name="com.musta.buyandsellinlebanon.ads.dollarMarket.CreateDollarMarketActivity"
43-->src\main\AndroidManifest.xml:30:13-72
44            android:label="@string/dollar_market" />
44-->src\main\AndroidManifest.xml:31:13-50
45        <activity android:name="com.musta.buyandsellinlebanon.ads.AdTypeTitleCreateActivity" />
45-->src\main\AndroidManifest.xml:32:9-67
45-->src\main\AndroidManifest.xml:32:19-64
46        <activity android:name="com.musta.buyandsellinlebanon.ui.categories.adsCategories.ShowAdsByAdTypeActivity" /> <!-- Sample AdMob App ID: ca-app-pub-3940256099942544~3347511713 -->
46-->src\main\AndroidManifest.xml:33:9-89
46-->src\main\AndroidManifest.xml:33:19-86
47        <meta-data
47-->src\main\AndroidManifest.xml:34:9-36:70
48            android:name="com.google.android.gms.ads.APPLICATION_ID"
48-->src\main\AndroidManifest.xml:35:13-69
49            android:value="ca-app-pub-4259799291168125~9077575448" />
49-->src\main\AndroidManifest.xml:36:13-67
50
51        <activity android:name="com.musta.buyandsellinlebanon.ads.AdDetailActivity" />
51-->src\main\AndroidManifest.xml:38:9-58
51-->src\main\AndroidManifest.xml:38:19-55
52        <activity android:name="com.musta.buyandsellinlebanon.ui.categories.adsCategories.vehicles.categories.cars.ShowCarsAdsActivity" />
52-->src\main\AndroidManifest.xml:39:9-110
52-->src\main\AndroidManifest.xml:39:19-107
53        <activity android:name="com.musta.buyandsellinlebanon.ads.BeforeCreateAdActivity" />
53-->src\main\AndroidManifest.xml:40:9-64
53-->src\main\AndroidManifest.xml:40:19-61
54        <activity android:name="com.musta.buyandsellinlebanon.ui.categories.adsCategories.vehicles.categories.cars.CarsActivity" />
54-->src\main\AndroidManifest.xml:41:9-103
54-->src\main\AndroidManifest.xml:41:19-100
55        <activity android:name="com.musta.buyandsellinlebanon.ads.CreateAdActivity" />
55-->src\main\AndroidManifest.xml:42:9-58
55-->src\main\AndroidManifest.xml:42:19-55
56        <activity android:name="com.musta.buyandsellinlebanon.ui.categories.adsCategories.vehicles.VehiclesActivity" />
56-->src\main\AndroidManifest.xml:43:9-91
56-->src\main\AndroidManifest.xml:43:19-88
57        <activity android:name="com.musta.buyandsellinlebanon.ui.signin.LoginActivity" />
57-->src\main\AndroidManifest.xml:44:9-61
57-->src\main\AndroidManifest.xml:44:19-58
58        <activity
58-->src\main\AndroidManifest.xml:45:9-54:20
59            android:name="com.musta.buyandsellinlebanon.MainActivity"
59-->src\main\AndroidManifest.xml:46:13-41
60            android:label="@string/app_name"
60-->src\main\AndroidManifest.xml:47:13-45
61            android:theme="@style/AppTheme.NoActionBar" >
61-->src\main\AndroidManifest.xml:48:13-56
62            <intent-filter>
62-->src\main\AndroidManifest.xml:49:13-53:29
63                <action android:name="android.intent.action.MAIN" />
63-->src\main\AndroidManifest.xml:50:17-69
63-->src\main\AndroidManifest.xml:50:25-66
64
65                <category android:name="android.intent.category.LAUNCHER" />
65-->src\main\AndroidManifest.xml:52:17-77
65-->src\main\AndroidManifest.xml:52:27-74
66            </intent-filter>
67        </activity>
68
69        <meta-data
69-->src\main\AndroidManifest.xml:56:9-58:77
70            android:name="com.google.firebase.messaging.default_notification_icon"
70-->src\main\AndroidManifest.xml:57:13-83
71            android:resource="@drawable/ic_notifications_none_black_24dp" />
71-->src\main\AndroidManifest.xml:58:13-74
72        <!--
73 Set color used with incoming notification messages. This is used when no color is set for the incoming
74             notification message. See README(https://goo.gl/6BKBk7) for more.
75        -->
76        <meta-data
76-->src\main\AndroidManifest.xml:63:9-65:53
77            android:name="com.google.firebase.messaging.default_notification_color"
77-->src\main\AndroidManifest.xml:64:13-84
78            android:resource="@color/colorAccent" />
78-->src\main\AndroidManifest.xml:65:13-50
79        <meta-data
79-->src\main\AndroidManifest.xml:66:9-68:71
80            android:name="com.google.firebase.messaging.default_notification_channel_id"
80-->src\main\AndroidManifest.xml:67:13-89
81            android:value="@string/default_notification_channel_id" />
81-->src\main\AndroidManifest.xml:68:13-68
82
83        <service
83-->src\main\AndroidManifest.xml:70:9-76:19
84            android:name="com.musta.buyandsellinlebanon.firebase.MyFirebaseMessagingService"
84-->src\main\AndroidManifest.xml:71:13-64
85            android:exported="false" >
85-->src\main\AndroidManifest.xml:72:13-37
86            <intent-filter>
86-->src\main\AndroidManifest.xml:73:13-75:29
87                <action android:name="com.google.firebase.MESSAGING_EVENT" />
87-->src\main\AndroidManifest.xml:74:17-78
87-->src\main\AndroidManifest.xml:74:25-75
88            </intent-filter>
89        </service>
90
91        <activity
91-->[com.google.android.gms:play-services-auth:18.0.0] AndroidManifest.xml:23:9-27:75
92            android:name="com.google.android.gms.auth.api.signin.internal.SignInHubActivity"
92-->[com.google.android.gms:play-services-auth:18.0.0] AndroidManifest.xml:24:13-93
93            android:excludeFromRecents="true"
93-->[com.google.android.gms:play-services-auth:18.0.0] AndroidManifest.xml:25:13-46
94            android:exported="false"
94-->[com.google.android.gms:play-services-auth:18.0.0] AndroidManifest.xml:26:13-37
95            android:theme="@android:style/Theme.Translucent.NoTitleBar" />
95-->[com.google.android.gms:play-services-auth:18.0.0] AndroidManifest.xml:27:13-72
96        <!--
97            Service handling Google Sign-In user revocation. For apps that do not integrate with
98            Google Sign-In, this service will never be started.
99        -->
100        <service
100-->[com.google.android.gms:play-services-auth:18.0.0] AndroidManifest.xml:33:9-36:110
101            android:name="com.google.android.gms.auth.api.signin.RevocationBoundService"
101-->[com.google.android.gms:play-services-auth:18.0.0] AndroidManifest.xml:34:13-89
102            android:exported="true"
102-->[com.google.android.gms:play-services-auth:18.0.0] AndroidManifest.xml:35:13-36
103            android:permission="com.google.android.gms.auth.api.signin.permission.REVOCATION_NOTIFICATION" />
103-->[com.google.android.gms:play-services-auth:18.0.0] AndroidManifest.xml:36:13-107
104
105        <provider
105-->[androidx.work:work-runtime:2.2.0] AndroidManifest.xml:30:9-36:35
106            android:name="androidx.work.impl.WorkManagerInitializer"
106-->[androidx.work:work-runtime:2.2.0] AndroidManifest.xml:31:13-69
107            android:authorities="com.musta.buyandsellinlebanon.workmanager-init"
107-->[androidx.work:work-runtime:2.2.0] AndroidManifest.xml:32:13-68
108            android:directBootAware="false"
108-->[androidx.work:work-runtime:2.2.0] AndroidManifest.xml:33:13-44
109            android:exported="false"
109-->[androidx.work:work-runtime:2.2.0] AndroidManifest.xml:34:13-37
110            android:multiprocess="true" />
110-->[androidx.work:work-runtime:2.2.0] AndroidManifest.xml:35:13-40
111
112        <service
112-->[androidx.work:work-runtime:2.2.0] AndroidManifest.xml:38:9-43:35
113            android:name="androidx.work.impl.background.systemalarm.SystemAlarmService"
113-->[androidx.work:work-runtime:2.2.0] AndroidManifest.xml:39:13-88
114            android:directBootAware="false"
114-->[androidx.work:work-runtime:2.2.0] AndroidManifest.xml:40:13-44
115            android:enabled="@bool/enable_system_alarm_service_default"
115-->[androidx.work:work-runtime:2.2.0] AndroidManifest.xml:41:13-72
116            android:exported="false" />
116-->[androidx.work:work-runtime:2.2.0] AndroidManifest.xml:42:13-37
117        <service
117-->[androidx.work:work-runtime:2.2.0] AndroidManifest.xml:44:9-50:35
118            android:name="androidx.work.impl.background.systemjob.SystemJobService"
118-->[androidx.work:work-runtime:2.2.0] AndroidManifest.xml:45:13-84
119            android:directBootAware="false"
119-->[androidx.work:work-runtime:2.2.0] AndroidManifest.xml:46:13-44
120            android:enabled="@bool/enable_system_job_service_default"
120-->[androidx.work:work-runtime:2.2.0] AndroidManifest.xml:47:13-70
121            android:exported="true"
121-->[androidx.work:work-runtime:2.2.0] AndroidManifest.xml:48:13-36
122            android:permission="android.permission.BIND_JOB_SERVICE" />
122-->[androidx.work:work-runtime:2.2.0] AndroidManifest.xml:49:13-69
123
124        <receiver
124-->[androidx.work:work-runtime:2.2.0] AndroidManifest.xml:52:9-57:35
125            android:name="androidx.work.impl.utils.ForceStopRunnable$BroadcastReceiver"
125-->[androidx.work:work-runtime:2.2.0] AndroidManifest.xml:53:13-88
126            android:directBootAware="false"
126-->[androidx.work:work-runtime:2.2.0] AndroidManifest.xml:54:13-44
127            android:enabled="true"
127-->[androidx.work:work-runtime:2.2.0] AndroidManifest.xml:55:13-35
128            android:exported="false" />
128-->[androidx.work:work-runtime:2.2.0] AndroidManifest.xml:56:13-37
129        <receiver
129-->[androidx.work:work-runtime:2.2.0] AndroidManifest.xml:58:9-68:20
130            android:name="androidx.work.impl.background.systemalarm.ConstraintProxy$BatteryChargingProxy"
130-->[androidx.work:work-runtime:2.2.0] AndroidManifest.xml:59:13-106
131            android:directBootAware="false"
131-->[androidx.work:work-runtime:2.2.0] AndroidManifest.xml:60:13-44
132            android:enabled="false"
132-->[androidx.work:work-runtime:2.2.0] AndroidManifest.xml:61:13-36
133            android:exported="false" >
133-->[androidx.work:work-runtime:2.2.0] AndroidManifest.xml:62:13-37
134            <intent-filter>
134-->[androidx.work:work-runtime:2.2.0] AndroidManifest.xml:64:13-67:29
135                <action android:name="android.intent.action.ACTION_POWER_CONNECTED" />
135-->[androidx.work:work-runtime:2.2.0] AndroidManifest.xml:65:17-87
135-->[androidx.work:work-runtime:2.2.0] AndroidManifest.xml:65:25-84
136                <action android:name="android.intent.action.ACTION_POWER_DISCONNECTED" />
136-->[androidx.work:work-runtime:2.2.0] AndroidManifest.xml:66:17-90
136-->[androidx.work:work-runtime:2.2.0] AndroidManifest.xml:66:25-87
137            </intent-filter>
138        </receiver>
139        <receiver
139-->[androidx.work:work-runtime:2.2.0] AndroidManifest.xml:69:9-79:20
140            android:name="androidx.work.impl.background.systemalarm.ConstraintProxy$BatteryNotLowProxy"
140-->[androidx.work:work-runtime:2.2.0] AndroidManifest.xml:70:13-104
141            android:directBootAware="false"
141-->[androidx.work:work-runtime:2.2.0] AndroidManifest.xml:71:13-44
142            android:enabled="false"
142-->[androidx.work:work-runtime:2.2.0] AndroidManifest.xml:72:13-36
143            android:exported="false" >
143-->[androidx.work:work-runtime:2.2.0] AndroidManifest.xml:73:13-37
144            <intent-filter>
144-->[androidx.work:work-runtime:2.2.0] AndroidManifest.xml:75:13-78:29
145                <action android:name="android.intent.action.BATTERY_OKAY" />
145-->[androidx.work:work-runtime:2.2.0] AndroidManifest.xml:76:17-77
145-->[androidx.work:work-runtime:2.2.0] AndroidManifest.xml:76:25-74
146                <action android:name="android.intent.action.BATTERY_LOW" />
146-->[androidx.work:work-runtime:2.2.0] AndroidManifest.xml:77:17-76
146-->[androidx.work:work-runtime:2.2.0] AndroidManifest.xml:77:25-73
147            </intent-filter>
148        </receiver>
149        <receiver
149-->[androidx.work:work-runtime:2.2.0] AndroidManifest.xml:80:9-90:20
150            android:name="androidx.work.impl.background.systemalarm.ConstraintProxy$StorageNotLowProxy"
150-->[androidx.work:work-runtime:2.2.0] AndroidManifest.xml:81:13-104
151            android:directBootAware="false"
151-->[androidx.work:work-runtime:2.2.0] AndroidManifest.xml:82:13-44
152            android:enabled="false"
152-->[androidx.work:work-runtime:2.2.0] AndroidManifest.xml:83:13-36
153            android:exported="false" >
153-->[androidx.work:work-runtime:2.2.0] AndroidManifest.xml:84:13-37
154            <intent-filter>
154-->[androidx.work:work-runtime:2.2.0] AndroidManifest.xml:86:13-89:29
155                <action android:name="android.intent.action.DEVICE_STORAGE_LOW" />
155-->[androidx.work:work-runtime:2.2.0] AndroidManifest.xml:87:17-83
155-->[androidx.work:work-runtime:2.2.0] AndroidManifest.xml:87:25-80
156                <action android:name="android.intent.action.DEVICE_STORAGE_OK" />
156-->[androidx.work:work-runtime:2.2.0] AndroidManifest.xml:88:17-82
156-->[androidx.work:work-runtime:2.2.0] AndroidManifest.xml:88:25-79
157            </intent-filter>
158        </receiver>
159        <receiver
159-->[androidx.work:work-runtime:2.2.0] AndroidManifest.xml:91:9-100:20
160            android:name="androidx.work.impl.background.systemalarm.ConstraintProxy$NetworkStateProxy"
160-->[androidx.work:work-runtime:2.2.0] AndroidManifest.xml:92:13-103
161            android:directBootAware="false"
161-->[androidx.work:work-runtime:2.2.0] AndroidManifest.xml:93:13-44
162            android:enabled="false"
162-->[androidx.work:work-runtime:2.2.0] AndroidManifest.xml:94:13-36
163            android:exported="false" >
163-->[androidx.work:work-runtime:2.2.0] AndroidManifest.xml:95:13-37
164            <intent-filter>
164-->[androidx.work:work-runtime:2.2.0] AndroidManifest.xml:97:13-99:29
165                <action android:name="android.net.conn.CONNECTIVITY_CHANGE" />
165-->[androidx.work:work-runtime:2.2.0] AndroidManifest.xml:98:17-79
165-->[androidx.work:work-runtime:2.2.0] AndroidManifest.xml:98:25-76
166            </intent-filter>
167        </receiver>
168        <receiver
168-->[androidx.work:work-runtime:2.2.0] AndroidManifest.xml:101:9-112:20
169            android:name="androidx.work.impl.background.systemalarm.RescheduleReceiver"
169-->[androidx.work:work-runtime:2.2.0] AndroidManifest.xml:102:13-88
170            android:directBootAware="false"
170-->[androidx.work:work-runtime:2.2.0] AndroidManifest.xml:103:13-44
171            android:enabled="false"
171-->[androidx.work:work-runtime:2.2.0] AndroidManifest.xml:104:13-36
172            android:exported="false" >
172-->[androidx.work:work-runtime:2.2.0] AndroidManifest.xml:105:13-37
173            <intent-filter>
173-->[androidx.work:work-runtime:2.2.0] AndroidManifest.xml:107:13-111:29
174                <action android:name="android.intent.action.BOOT_COMPLETED" />
174-->[androidx.work:work-runtime:2.2.0] AndroidManifest.xml:108:17-79
174-->[androidx.work:work-runtime:2.2.0] AndroidManifest.xml:108:25-76
175                <action android:name="android.intent.action.TIME_SET" />
175-->[androidx.work:work-runtime:2.2.0] AndroidManifest.xml:109:17-73
175-->[androidx.work:work-runtime:2.2.0] AndroidManifest.xml:109:25-70
176                <action android:name="android.intent.action.TIMEZONE_CHANGED" />
176-->[androidx.work:work-runtime:2.2.0] AndroidManifest.xml:110:17-81
176-->[androidx.work:work-runtime:2.2.0] AndroidManifest.xml:110:25-78
177            </intent-filter>
178        </receiver>
179        <receiver
179-->[androidx.work:work-runtime:2.2.0] AndroidManifest.xml:113:9-122:20
180            android:name="androidx.work.impl.background.systemalarm.ConstraintProxyUpdateReceiver"
180-->[androidx.work:work-runtime:2.2.0] AndroidManifest.xml:114:13-99
181            android:directBootAware="false"
181-->[androidx.work:work-runtime:2.2.0] AndroidManifest.xml:115:13-44
182            android:enabled="@bool/enable_system_alarm_service_default"
182-->[androidx.work:work-runtime:2.2.0] AndroidManifest.xml:116:13-72
183            android:exported="false" >
183-->[androidx.work:work-runtime:2.2.0] AndroidManifest.xml:117:13-37
184            <intent-filter>
184-->[androidx.work:work-runtime:2.2.0] AndroidManifest.xml:119:13-121:29
185                <action android:name="androidx.work.impl.background.systemalarm.UpdateProxies" />
185-->[androidx.work:work-runtime:2.2.0] AndroidManifest.xml:120:17-98
185-->[androidx.work:work-runtime:2.2.0] AndroidManifest.xml:120:25-95
186            </intent-filter>
187        </receiver>
188
189        <service
189-->[androidx.room:room-runtime:2.1.0] AndroidManifest.xml:25:9-27:40
190            android:name="androidx.room.MultiInstanceInvalidationService"
190-->[androidx.room:room-runtime:2.1.0] AndroidManifest.xml:26:13-74
191            android:exported="false" />
191-->[androidx.room:room-runtime:2.1.0] AndroidManifest.xml:27:13-37
192        <service
192-->[com.google.firebase:firebase-dynamic-links:19.1.0] AndroidManifest.xml:8:9-12:19
193            android:name="com.google.firebase.components.ComponentDiscoveryService"
193-->[com.google.firebase:firebase-dynamic-links:19.1.0] AndroidManifest.xml:8:18-89
194            android:directBootAware="true"
194-->[com.google.firebase:firebase-common:19.3.0] AndroidManifest.xml:34:13-43
195            android:exported="false" >
195-->[com.google.firebase:firebase-messaging:20.1.0] AndroidManifest.xml:37:13-37
196            <meta-data
196-->[com.google.firebase:firebase-dynamic-links:19.1.0] AndroidManifest.xml:9:13-11:85
197                android:name="com.google.firebase.components:com.google.firebase.dynamiclinks.internal.FirebaseDynamicLinkRegistrar"
197-->[com.google.firebase:firebase-dynamic-links:19.1.0] AndroidManifest.xml:10:17-133
198                android:value="com.google.firebase.components.ComponentRegistrar" />
198-->[com.google.firebase:firebase-dynamic-links:19.1.0] AndroidManifest.xml:11:17-82
199            <meta-data
199-->[com.google.firebase:firebase-messaging:20.1.0] AndroidManifest.xml:38:13-40:85
200                android:name="com.google.firebase.components:com.google.firebase.messaging.FirebaseMessagingRegistrar"
200-->[com.google.firebase:firebase-messaging:20.1.0] AndroidManifest.xml:39:17-119
201                android:value="com.google.firebase.components.ComponentRegistrar" />
201-->[com.google.firebase:firebase-messaging:20.1.0] AndroidManifest.xml:40:17-82
202            <meta-data
202-->[com.google.firebase:firebase-iid:20.0.2] AndroidManifest.xml:32:13-34:85
203                android:name="com.google.firebase.components:com.google.firebase.iid.Registrar"
203-->[com.google.firebase:firebase-iid:20.0.2] AndroidManifest.xml:33:17-96
204                android:value="com.google.firebase.components.ComponentRegistrar" />
204-->[com.google.firebase:firebase-iid:20.0.2] AndroidManifest.xml:34:17-82
205            <meta-data
205-->[com.google.android.gms:play-services-measurement-api:17.4.4] AndroidManifest.xml:30:13-32:85
206                android:name="com.google.firebase.components:com.google.firebase.analytics.connector.internal.AnalyticsConnectorRegistrar"
206-->[com.google.android.gms:play-services-measurement-api:17.4.4] AndroidManifest.xml:31:17-139
207                android:value="com.google.firebase.components.ComponentRegistrar" />
207-->[com.google.android.gms:play-services-measurement-api:17.4.4] AndroidManifest.xml:32:17-82
208            <meta-data
208-->[com.google.firebase:firebase-datatransport:17.0.3] AndroidManifest.xml:28:13-30:85
209                android:name="com.google.firebase.components:com.google.firebase.datatransport.TransportRegistrar"
209-->[com.google.firebase:firebase-datatransport:17.0.3] AndroidManifest.xml:29:17-115
210                android:value="com.google.firebase.components.ComponentRegistrar" />
210-->[com.google.firebase:firebase-datatransport:17.0.3] AndroidManifest.xml:30:17-82
211            <meta-data
211-->[com.google.firebase:firebase-installations:16.3.2] AndroidManifest.xml:17:13-19:85
212                android:name="com.google.firebase.components:com.google.firebase.installations.FirebaseInstallationsRegistrar"
212-->[com.google.firebase:firebase-installations:16.3.2] AndroidManifest.xml:18:17-127
213                android:value="com.google.firebase.components.ComponentRegistrar" />
213-->[com.google.firebase:firebase-installations:16.3.2] AndroidManifest.xml:19:17-82
214        </service>
215        <!--
216             FirebaseMessagingService performs security checks at runtime,
217             but set to not exported to explicitly avoid allowing another app to call it.
218        -->
219        <service
219-->[com.google.firebase:firebase-messaging:20.1.0] AndroidManifest.xml:28:9-34:19
220            android:name="com.google.firebase.messaging.FirebaseMessagingService"
220-->[com.google.firebase:firebase-messaging:20.1.0] AndroidManifest.xml:29:13-82
221            android:exported="false" >
221-->[com.google.firebase:firebase-messaging:20.1.0] AndroidManifest.xml:30:13-37
222            <intent-filter android:priority="-500" >
222-->src\main\AndroidManifest.xml:73:13-75:29
223                <action android:name="com.google.firebase.MESSAGING_EVENT" />
223-->src\main\AndroidManifest.xml:74:17-78
223-->src\main\AndroidManifest.xml:74:25-75
224            </intent-filter>
225        </service>
226
227        <receiver
227-->[com.google.firebase:firebase-iid:20.0.2] AndroidManifest.xml:37:9-44:20
228            android:name="com.google.firebase.iid.FirebaseInstanceIdReceiver"
228-->[com.google.firebase:firebase-iid:20.0.2] AndroidManifest.xml:38:13-78
229            android:exported="true"
229-->[com.google.firebase:firebase-iid:20.0.2] AndroidManifest.xml:39:13-36
230            android:permission="com.google.android.c2dm.permission.SEND" >
230-->[com.google.firebase:firebase-iid:20.0.2] AndroidManifest.xml:40:13-73
231            <intent-filter>
231-->[com.google.firebase:firebase-iid:20.0.2] AndroidManifest.xml:41:13-43:29
232                <action android:name="com.google.android.c2dm.intent.RECEIVE" />
232-->[com.google.firebase:firebase-iid:20.0.2] AndroidManifest.xml:42:17-81
232-->[com.google.firebase:firebase-iid:20.0.2] AndroidManifest.xml:42:25-78
233            </intent-filter>
234        </receiver>
235
236        <activity
236-->[com.google.android.gms:play-services-base:17.1.0] AndroidManifest.xml:23:9-26:75
237            android:name="com.google.android.gms.common.api.GoogleApiActivity"
237-->[com.google.android.gms:play-services-base:17.1.0] AndroidManifest.xml:24:13-79
238            android:exported="false"
238-->[com.google.android.gms:play-services-base:17.1.0] AndroidManifest.xml:25:13-37
239            android:theme="@android:style/Theme.Translucent.NoTitleBar" />
239-->[com.google.android.gms:play-services-base:17.1.0] AndroidManifest.xml:26:13-72
240
241        <provider
241-->[com.google.firebase:firebase-common:19.3.0] AndroidManifest.xml:26:9-30:39
242            android:name="com.google.firebase.provider.FirebaseInitProvider"
242-->[com.google.firebase:firebase-common:19.3.0] AndroidManifest.xml:27:13-77
243            android:authorities="com.musta.buyandsellinlebanon.firebaseinitprovider"
243-->[com.google.firebase:firebase-common:19.3.0] AndroidManifest.xml:28:13-72
244            android:exported="false"
244-->[com.google.firebase:firebase-common:19.3.0] AndroidManifest.xml:29:13-37
245            android:initOrder="100" />
245-->[com.google.firebase:firebase-common:19.3.0] AndroidManifest.xml:30:13-36
246
247        <receiver
247-->[com.google.android.gms:play-services-measurement:17.4.4] AndroidManifest.xml:29:9-33:20
248            android:name="com.google.android.gms.measurement.AppMeasurementReceiver"
248-->[com.google.android.gms:play-services-measurement:17.4.4] AndroidManifest.xml:30:13-85
249            android:enabled="true"
249-->[com.google.android.gms:play-services-measurement:17.4.4] AndroidManifest.xml:31:13-35
250            android:exported="false" >
250-->[com.google.android.gms:play-services-measurement:17.4.4] AndroidManifest.xml:32:13-37
251        </receiver>
252
253        <service
253-->[com.google.android.gms:play-services-measurement:17.4.4] AndroidManifest.xml:35:9-38:40
254            android:name="com.google.android.gms.measurement.AppMeasurementService"
254-->[com.google.android.gms:play-services-measurement:17.4.4] AndroidManifest.xml:36:13-84
255            android:enabled="true"
255-->[com.google.android.gms:play-services-measurement:17.4.4] AndroidManifest.xml:37:13-35
256            android:exported="false" />
256-->[com.google.android.gms:play-services-measurement:17.4.4] AndroidManifest.xml:38:13-37
257        <service
257-->[com.google.android.gms:play-services-measurement:17.4.4] AndroidManifest.xml:39:9-43:72
258            android:name="com.google.android.gms.measurement.AppMeasurementJobService"
258-->[com.google.android.gms:play-services-measurement:17.4.4] AndroidManifest.xml:40:13-87
259            android:enabled="true"
259-->[com.google.android.gms:play-services-measurement:17.4.4] AndroidManifest.xml:41:13-35
260            android:exported="false"
260-->[com.google.android.gms:play-services-measurement:17.4.4] AndroidManifest.xml:42:13-37
261            android:permission="android.permission.BIND_JOB_SERVICE" /> <!-- Include the AdActivity and InAppPurchaseActivity configChanges and themes. -->
261-->[com.google.android.gms:play-services-measurement:17.4.4] AndroidManifest.xml:43:13-69
262        <activity
262-->[com.google.android.gms:play-services-ads-lite:19.3.0] AndroidManifest.xml:29:9-33:64
263            android:name="com.google.android.gms.ads.AdActivity"
263-->[com.google.android.gms:play-services-ads-lite:19.3.0] AndroidManifest.xml:30:13-65
264            android:configChanges="keyboard|keyboardHidden|orientation|screenLayout|uiMode|screenSize|smallestScreenSize"
264-->[com.google.android.gms:play-services-ads-lite:19.3.0] AndroidManifest.xml:31:13-122
265            android:exported="false"
265-->[com.google.android.gms:play-services-ads-lite:19.3.0] AndroidManifest.xml:32:13-37
266            android:theme="@android:style/Theme.Translucent" />
266-->[com.google.android.gms:play-services-ads-lite:19.3.0] AndroidManifest.xml:33:13-61
267
268        <provider